<?xml version="1.0" encoding="UTF-8"?>
<testng-results ignored="0" total="1" passed="1" failed="0" skipped="0">
  <reporter-output>
    <line>
      <![CDATA[<a target="_blank" href= "C:\Users\APATHRUT\eclipse-workspace\ecommerce\screenshots\07174729455.png">Screenshot</a>]]>
    </line>
    <line>
      <![CDATA[<a target="_blank" href= "C:\Users\APATHRUT\eclipse-workspace\ecommerce\screenshots\07174729879.png">Screenshot</a>]]>
    </line>
    <line>
      <![CDATA[Amazon logo is displayed.]]>
    </line>
    <line>
      <![CDATA[<a target="_blank" href= "C:\Users\APATHRUT\eclipse-workspace\ecommerce\screenshots\07174730474.png">Screenshot</a>]]>
    </line>
    <line>
      <![CDATA[Entered product name.]]>
    </line>
    <line>
      <![CDATA[<a target="_blank" href= "C:\Users\APATHRUT\eclipse-workspace\ecommerce\screenshots\07174732813.png">Screenshot</a>]]>
    </line>
    <line>
      <![CDATA[Clicked on search button.]]>
    </line>
    <line>
      <![CDATA[Product Name on which clicked: realme narzo 60 5G (Mars Orange,8GB+128GB) 90Hz Super AMOLED Display | Ultra Premium Vegan Leather Design | with 33W SUPERVOOC Charger]]>
    </line>
    <line>
      <![CDATA[<a target="_blank" href= "C:\Users\APATHRUT\eclipse-workspace\ecommerce\screenshots\07174733766.png">Screenshot</a>]]>
    </line>
    <line>
      <![CDATA[<a target="_blank" href= "C:\Users\APATHRUT\eclipse-workspace\ecommerce\screenshots\07174739646.png">Screenshot</a>]]>
    </line>
    <line>
      <![CDATA[<a target="_blank" href= "C:\Users\APATHRUT\eclipse-workspace\ecommerce\screenshots\07174740118.png">Screenshot</a>]]>
    </line>
    <line>
      <![CDATA[Clicked on add to cart button.]]>
    </line>
    <line>
      <![CDATA[<a target="_blank" href= "C:\Users\APATHRUT\eclipse-workspace\ecommerce\screenshots\07174746062.png">Screenshot</a>]]>
    </line>
    <line>
      <![CDATA[Clicked on cart button.]]>
    </line>
    <line>
      <![CDATA[<a target="_blank" href= "C:\Users\APATHRUT\eclipse-workspace\ecommerce\screenshots\07174746344.png">Screenshot</a>]]>
    </line>
    <line>
      <![CDATA[Subtotal amount:    17,999.00]]>
    </line>
    <line>
      <![CDATA[Number of products in cart: 1]]>
    </line>
    <line>
      <![CDATA[The addition of amount of all the products in cart is same to subtotal amount is :   17,999.00]]>
    </line>
  </reporter-output>
  <suite started-at="2023-07-17T09:47:22 IST" name="Suite" finished-at="2023-07-17T09:47:47 IST" duration-ms="24607">
    <groups>
    </groups>
    <test started-at="2023-07-17T09:47:22 IST" name="Test" finished-at="2023-07-17T09:47:47 IST" duration-ms="24607">
      <class name="com.amazon.qa.testcases.AmazonAddToCartTests">
        <test-method is-config="true" signature="setUp(java.lang.String,java.lang.String)[pri:0, instance:com.amazon.qa.testcases.AmazonAddToCartTests@76a4ebf2]" started-at="2023-07-17T09:47:22 IST" name="setUp" finished-at="2023-07-17T09:47:29 IST" duration-ms="6868" status="PASS">
          <params>
            <param index="0">
              <value>
                <![CDATA[chrome]]>
              </value>
            </param>
            <param index="1">
              <value>
                <![CDATA[https://www.amazon.in]]>
              </value>
            </param>
          </params>
          <reporter-output>
          </reporter-output>
        </test-method> <!-- setUp -->
        <test-method signature="verifyAddToCartForOrderProcess(java.lang.String)[pri:1, instance:com.amazon.qa.testcases.AmazonAddToCartTests@76a4ebf2]" started-at="2023-07-17T09:47:29 IST" name="verifyAddToCartForOrderProcess" finished-at="2023-07-17T09:47:46 IST" duration-ms="17202" status="PASS">
          <params>
            <param index="0">
              <value>
                <![CDATA[realme]]>
              </value>
            </param>
          </params>
          <reporter-output>
            <line>
              <![CDATA[<a target="_blank" href= "C:\Users\APATHRUT\eclipse-workspace\ecommerce\screenshots\07174729455.png">Screenshot</a>]]>
            </line>
            <line>
              <![CDATA[<a target="_blank" href= "C:\Users\APATHRUT\eclipse-workspace\ecommerce\screenshots\07174729879.png">Screenshot</a>]]>
            </line>
            <line>
              <![CDATA[Amazon logo is displayed.]]>
            </line>
            <line>
              <![CDATA[<a target="_blank" href= "C:\Users\APATHRUT\eclipse-workspace\ecommerce\screenshots\07174730474.png">Screenshot</a>]]>
            </line>
            <line>
              <![CDATA[Entered product name.]]>
            </line>
            <line>
              <![CDATA[<a target="_blank" href= "C:\Users\APATHRUT\eclipse-workspace\ecommerce\screenshots\07174732813.png">Screenshot</a>]]>
            </line>
            <line>
              <![CDATA[Clicked on search button.]]>
            </line>
            <line>
              <![CDATA[Product Name on which clicked: realme narzo 60 5G (Mars Orange,8GB+128GB) 90Hz Super AMOLED Display | Ultra Premium Vegan Leather Design | with 33W SUPERVOOC Charger]]>
            </line>
            <line>
              <![CDATA[<a target="_blank" href= "C:\Users\APATHRUT\eclipse-workspace\ecommerce\screenshots\07174733766.png">Screenshot</a>]]>
            </line>
            <line>
              <![CDATA[<a target="_blank" href= "C:\Users\APATHRUT\eclipse-workspace\ecommerce\screenshots\07174739646.png">Screenshot</a>]]>
            </line>
            <line>
              <![CDATA[<a target="_blank" href= "C:\Users\APATHRUT\eclipse-workspace\ecommerce\screenshots\07174740118.png">Screenshot</a>]]>
            </line>
            <line>
              <![CDATA[Clicked on add to cart button.]]>
            </line>
            <line>
              <![CDATA[<a target="_blank" href= "C:\Users\APATHRUT\eclipse-workspace\ecommerce\screenshots\07174746062.png">Screenshot</a>]]>
            </line>
            <line>
              <![CDATA[Clicked on cart button.]]>
            </line>
            <line>
              <![CDATA[<a target="_blank" href= "C:\Users\APATHRUT\eclipse-workspace\ecommerce\screenshots\07174746344.png">Screenshot</a>]]>
            </line>
            <line>
              <![CDATA[Subtotal amount:    17,999.00]]>
            </line>
            <line>
              <![CDATA[Number of products in cart: 1]]>
            </line>
            <line>
              <![CDATA[The addition of amount of all the products in cart is same to subtotal amount is :   17,999.00]]>
            </line>
          </reporter-output>
        </test-method> <!-- verifyAddToCartForOrderProcess -->
        <test-method is-config="true" signature="tearDown()[pri:0, instance:com.amazon.qa.testcases.AmazonAddToCartTests@76a4ebf2]" started-at="2023-07-17T09:47:46 IST" name="tearDown" finished-at="2023-07-17T09:47:47 IST" duration-ms="496" status="PASS">
          <reporter-output>
          </reporter-output>
        </test-method> <!-- tearDown -->
      </class> <!-- com.amazon.qa.testcases.AmazonAddToCartTests -->
    </test> <!-- Test -->
  </suite> <!-- Suite -->
</testng-results>
